<?xml version="1.0" encoding="UTF-8"?>
<!-- Generated by org.testng.reporters.JUnitReportReporter -->
<testsuite skipped="0" hostname="EC2AMAZ-2N5M79R" name="com.Mytests.NotePadTest" tests="1" failures="0" timestamp="2020-07-03T13:58:28 UTC" time="12.040" errors="0">
  <testcase name="TimeStamp" time="12.040" classname="com.Mytests.NotePadTest"/>
</testsuite> <!-- com.Mytests.NotePadTest -->
